{"/Users/jae/WebstormProjects/test-practice/jest/isPalindrome.js": {"path":"/Users/jae/WebstormProjects/test-practice/jest/isPalindrome.js","statementMap":{"0":{"start":{"line":1,"column":22},"end":{"line":1,"column":48}},"1":{"start":{"line":5,"column":2},"end":{"line":5,"column":66}},"2":{"start":{"line":8,"column":0},"end":{"line":8,"column":30}}},"fnMap":{"0":{"name":"isPalindrome","decl":{"start":{"line":4,"column":9},"end":{"line":4,"column":21}},"loc":{"start":{"line":4,"column":28},"end":{"line":6,"column":1}},"line":4}},"branchMap":{},"s":{"0":1,"1":2,"2":1},"f":{"0":2},"b":{},"_coverageSchema":"1a1c01bbd47fc00a2c39e90264f33305004495a9","hash":"3717de89186eab2308ebc8d82daa550d90d2ad14"}
,"/Users/jae/WebstormProjects/test-practice/jest/reverseString.js": {"path":"/Users/jae/WebstormProjects/test-practice/jest/reverseString.js","statementMap":{"0":{"start":{"line":2,"column":2},"end":{"line":2,"column":63}},"1":{"start":{"line":5,"column":0},"end":{"line":5,"column":31}}},"fnMap":{"0":{"name":"reverseString","decl":{"start":{"line":1,"column":9},"end":{"line":1,"column":22}},"loc":{"start":{"line":1,"column":29},"end":{"line":3,"column":1}},"line":1}},"branchMap":{},"s":{"0":3,"1":2},"f":{"0":3},"b":{},"_coverageSchema":"1a1c01bbd47fc00a2c39e90264f33305004495a9","hash":"55ef189434164d6f276a8b76ca32eb78c4cd8916"}
,"/Users/jae/WebstormProjects/test-practice/jest/shallowObjClone.js": {"path":"/Users/jae/WebstormProjects/test-practice/jest/shallowObjClone.js","statementMap":{"0":{"start":{"line":2,"column":2},"end":{"line":4,"column":4}},"1":{"start":{"line":7,"column":0},"end":{"line":7,"column":33}}},"fnMap":{"0":{"name":"shallowObjClone","decl":{"start":{"line":1,"column":9},"end":{"line":1,"column":24}},"loc":{"start":{"line":1,"column":30},"end":{"line":5,"column":1}},"line":1}},"branchMap":{},"s":{"0":1,"1":1},"f":{"0":1},"b":{},"_coverageSchema":"1a1c01bbd47fc00a2c39e90264f33305004495a9","hash":"69c4575d7fee2e35ab594cafa425d187d38c8bef"}
,"/Users/jae/WebstormProjects/test-practice/jest/sum.js": {"path":"/Users/jae/WebstormProjects/test-practice/jest/sum.js","statementMap":{"0":{"start":{"line":2,"column":2},"end":{"line":2,"column":15}},"1":{"start":{"line":5,"column":0},"end":{"line":5,"column":21}}},"fnMap":{"0":{"name":"sum","decl":{"start":{"line":1,"column":9},"end":{"line":1,"column":12}},"loc":{"start":{"line":1,"column":19},"end":{"line":3,"column":1}},"line":1}},"branchMap":{},"s":{"0":1,"1":1},"f":{"0":1},"b":{},"_coverageSchema":"1a1c01bbd47fc00a2c39e90264f33305004495a9","hash":"04d6f869acf305a9ed04237655f8252fb9fc7800"}
}
